<?xml version="1.0" encoding="UTF-8"?>
<!-- Generated by org.testng.reporters.JUnitReportReporter -->
<testsuite hostname="SHIVAM-PC" name="org.security.crypt.signature.SignatureAlgorithmTest" tests="31" failures="1" timestamp="1 Sep 2014 16:49:27 GMT" time="0.940" errors="0">
  <testcase name="testSignVerifyOnStream" time="0.027" classname="org.security.crypt.signature.SignatureAlgorithmTest"/>
  <testcase name="testRandomizedSignVerify" time="0.002" classname="org.security.crypt.signature.SignatureAlgorithmTest"/>
  <testcase name="testSignVerifyOnStream" time="0.039" classname="org.security.crypt.signature.SignatureAlgorithmTest"/>
  <testcase name="testSignVerifyOnStream" time="0.025" classname="org.security.crypt.signature.SignatureAlgorithmTest"/>
  <testcase name="testSignVerifyOnStream" time="0.020" classname="org.security.crypt.signature.SignatureAlgorithmTest"/>
  <testcase name="testSignVerify" time="0.061" classname="org.security.crypt.signature.SignatureAlgorithmTest"/>
  <testcase name="testRandomizedSignVerify" time="0.003" classname="org.security.crypt.signature.SignatureAlgorithmTest"/>
  <testcase name="testRandomizedSignVerify" time="0.001" classname="org.security.crypt.signature.SignatureAlgorithmTest"/>
  <testcase name="testSignVerify" time="0.003" classname="org.security.crypt.signature.SignatureAlgorithmTest"/>
  <testcase name="testRandomizedSignVerify" time="0.060" classname="org.security.crypt.signature.SignatureAlgorithmTest"/>
  <testcase name="testRandomizedSignVerify" time="0.023" classname="org.security.crypt.signature.SignatureAlgorithmTest"/>
  <testcase name="testSignVerifyOnStream" time="0.286" classname="org.security.crypt.signature.SignatureAlgorithmTest"/>
  <testcase name="testSignVerifyOnStream" time="0.040" classname="org.security.crypt.signature.SignatureAlgorithmTest"/>
  <testcase name="testSignVerifyOnStream" time="0.095" classname="org.security.crypt.signature.SignatureAlgorithmTest"/>
  <testcase name="testRandomizedSignVerify" time="0.005" classname="org.security.crypt.signature.SignatureAlgorithmTest"/>
  <testcase name="testRandomizedSignVerify" time="0.002" classname="org.security.crypt.signature.SignatureAlgorithmTest"/>
  <testcase name="testSignVerifyOnStream" time="0.021" classname="org.security.crypt.signature.SignatureAlgorithmTest"/>
  <testcase name="testSignVerify" time="0.026" classname="org.security.crypt.signature.SignatureAlgorithmTest"/>
  <testcase name="testRandomizedSignVerify" time="0.001" classname="org.security.crypt.signature.SignatureAlgorithmTest"/>
  <testcase name="testSignVerify" time="0.005" classname="org.security.crypt.signature.SignatureAlgorithmTest"/>
  <testcase name="testSignVerify" time="0.005" classname="org.security.crypt.signature.SignatureAlgorithmTest"/>
  <testcase name="testSignVerify" time="0.003" classname="org.security.crypt.signature.SignatureAlgorithmTest"/>
  <testcase name="testSignVerify" time="0.001" classname="org.security.crypt.signature.SignatureAlgorithmTest"/>
  <testcase name="testSignVerify" time="0.003" classname="org.security.crypt.signature.SignatureAlgorithmTest"/>
  <testcase name="testRandomizedSignVerify" time="0.005" classname="org.security.crypt.signature.SignatureAlgorithmTest"/>
  <testcase name="testSignVerify" time="0.006" classname="org.security.crypt.signature.SignatureAlgorithmTest"/>
  <testcase name="testSignVerifyOnStream" time="0.045" classname="org.security.crypt.signature.SignatureAlgorithmTest"/>
  <testcase name="testClone" time="0.000" classname="org.security.crypt.signature.SignatureAlgorithmTest">
    <failure type="java.lang.RuntimeException" message="org.security.crypt.CryptException: Error generatig 512-bit EC key">
      <![CDATA[java.lang.RuntimeException: org.security.crypt.CryptException: Error generatig 512-bit EC key
	at org.testng.internal.MethodInvocationHelper.invokeDataProvider(MethodInvocationHelper.java:161)
	at org.testng.internal.Parameters.handleParameters(Parameters.java:429)
	at org.testng.internal.Invoker.handleParameters(Invoker.java:1383)
	at org.testng.internal.Invoker.createParameters(Invoker.java:1075)
	at org.testng.internal.Invoker.invokeTestMethods(Invoker.java:1180)
	at org.testng.internal.TestMethodWorker.invokeTestMethods(TestMethodWorker.java:127)
	at org.testng.internal.TestMethodWorker.run(TestMethodWorker.java:111)
	at org.testng.TestRunner.privateRun(TestRunner.java:767)
	at org.testng.TestRunner.run(TestRunner.java:617)
	at org.testng.SuiteRunner.runTest(SuiteRunner.java:334)
	at org.testng.SuiteRunner.runSequentially(SuiteRunner.java:329)
	at org.testng.SuiteRunner.privateRun(SuiteRunner.java:291)
	at org.testng.SuiteRunner.run(SuiteRunner.java:240)
	at org.testng.SuiteRunnerWorker.runSuite(SuiteRunnerWorker.java:52)
	at org.testng.SuiteRunnerWorker.run(SuiteRunnerWorker.java:86)
	at org.testng.TestNG.runSuitesSequentially(TestNG.java:1224)
	at org.testng.TestNG.runSuitesLocally(TestNG.java:1149)
	at org.testng.TestNG.run(TestNG.java:1057)
	at org.apache.maven.surefire.testng.TestNGExecutor.run(TestNGExecutor.java:77)
	at org.apache.maven.surefire.testng.TestNGDirectoryTestSuite.executeMulti(TestNGDirectoryTestSuite.java:159)
	at org.apache.maven.surefire.testng.TestNGDirectoryTestSuite.execute(TestNGDirectoryTestSuite.java:99)
	at org.apache.maven.surefire.testng.TestNGProvider.invoke(TestNGProvider.java:106)
	at sun.reflect.NativeMethodAccessorImpl.invoke0(Native Method)
	at sun.reflect.NativeMethodAccessorImpl.invoke(NativeMethodAccessorImpl.java:62)
	at sun.reflect.DelegatingMethodAccessorImpl.invoke(DelegatingMethodAccessorImpl.java:43)
	at java.lang.reflect.Method.invoke(Method.java:483)
	at org.apache.maven.surefire.util.ReflectionUtils.invokeMethodWithArray(ReflectionUtils.java:189)
	at org.apache.maven.surefire.booter.ProviderFactory$ProviderProxy.invoke(ProviderFactory.java:165)
	at org.apache.maven.surefire.booter.ProviderFactory.invokeProvider(ProviderFactory.java:85)
	at org.apache.maven.surefire.booter.ForkedBooter.runSuitesInProcess(ForkedBooter.java:115)
	at org.apache.maven.surefire.booter.ForkedBooter.main(ForkedBooter.java:75)
Caused by: org.security.crypt.CryptException: Error generatig 512-bit EC key
	at org.security.crypt.asymmetric.PublicKeyUtils.generate(PublicKeyUtils.java:149)
	at org.security.crypt.asymmetric.PublicKeyUtils.generate(PublicKeyUtils.java:116)
	at org.security.crypt.signature.SignatureAlgorithmTest.createTestDataForClone(SignatureAlgorithmTest.java:84)
	at sun.reflect.NativeMethodAccessorImpl.invoke0(Native Method)
	at sun.reflect.NativeMethodAccessorImpl.invoke(NativeMethodAccessorImpl.java:62)
	at sun.reflect.DelegatingMethodAccessorImpl.invoke(DelegatingMethodAccessorImpl.java:43)
	at java.lang.reflect.Method.invoke(Method.java:483)
	at org.testng.internal.MethodInvocationHelper.invokeMethod(MethodInvocationHelper.java:84)
	at org.testng.internal.MethodInvocationHelper.invokeDataProvider(MethodInvocationHelper.java:135)
	... 30 more
Caused by: java.security.InvalidParameterException: unknown key size.
	at org.bouncycastle.jce.provider.asymmetric.ec.KeyPairGenerator$EC.initialize(Unknown Source)
	at org.security.crypt.asymmetric.PublicKeyUtils.generate(PublicKeyUtils.java:146)
	... 38 more
]]>
    </failure>
  </testcase> <!-- testClone -->
  <testcase name="testSignVerifyOnStream" time="0.121" classname="org.security.crypt.signature.SignatureAlgorithmTest"/>
  <testcase name="testRandomizedSignVerify" time="0.005" classname="org.security.crypt.signature.SignatureAlgorithmTest"/>
  <testcase name="testSignVerify" time="0.001" classname="org.security.crypt.signature.SignatureAlgorithmTest"/>
</testsuite> <!-- org.security.crypt.signature.SignatureAlgorithmTest -->
